<?xml version="1.0" encoding="UTF-8"?>
<testsuite name="saman.zamani.persiandatedemo.ExampleUnitTest" tests="1" skipped="0" failures="0" errors="0" timestamp="2018-05-06T05:21:26" hostname="Saman-2.local" time="0.001">
  <properties/>
  <testcase name="addition_isCorrect" classname="saman.zamani.persiandatedemo.ExampleUnitTest" time="0.001"/>
  <system-out><![CDATA[]]></system-out>
  <system-err><![CDATA[]]></system-err>
</testsuite>
